adobe.com
adobedtm.com
adobe.io
akamaihd.net
akamaized.net
alternativeto.net
anbernic.com
apidog.com
auxxxilium.tech
ayntec.com
bluestacks.com
bluetoothgoodies.com
deovr.com
devid.info
eden-emu.dev
enpass.io
epicgames.com
files.community
geforce.com
geforcenow.com
geolocation.onetrust.com
gfn.am
imggeo.com
intel.com
intel.de
intel.nl
ixbt.site
kinozal.me
kinozal.tv
kintoki.dev
liteapks.com
macked.app
mangmi.com
miniclip.com
myqcloud.com
nitroflare.com
nnmclub.to
nnmstatic.win
nvidia.com
rapidgator.net
rutracker.cc
rutracker.org
shopify.com
steampowered.com
steamcontent.com
steamstatic.com
steamcloud.net
sumatrapdfreader.org
terra-master.com
trimui.com
twrp.me
ugreen.com
videocardz.com
virustotal.com
xpenology.org