adultmult.tv
amedia.site
anilib.me
anilibria.org
anilibria.tv
anilibria.uno
anilibria.wtf
animaunt.org
anime-portal.su
animebest.org
animedia.tv
animego.org
animespirit.ru
anistar.org
anistars.ru
bato.to
danbooru.donmai.us
delivery.2d.net.co
dorama.live
doramalive.ru
doramy.club
e621.net
ficbook.net
gelbooru.com
hd-rezka.tv
hdrezka.ac
hdrezka.ag
hdrezka.app
hdrezka.me
hdrezka.tech
hdrezka.tv
hdrzk.org
hentailib.me
imglib.info
jut-su.net
jut.su
kara.su
kemono.su
libria.fun
mangadex.org
mangahub.ru
mangalib.me
mangapark.net
myanimelist.net
mydoramy.club
rezka-ua.in
rezka.ag
rezka.cc
rezka.fi
rezka.land
rezka.my
rezka.tv
rezkify.com
shikimori.me
shiza-project.com
slashlib.me
sovetromantica.com
tik-tokapi.com
tiktok.com
tiktokcdn-eu.com
tiktokcdn-us.com
tiktokcdn.com
tiktokd.net
tiktokd.org
tiktokv.com
tiktokv.eu
tiktokv.us
tiktokw.us
vanced.pro
vndb.org
voidboost.cc
yande.re
yummyani.me
youtu.be
youtube-nocookie.com
youtube.com
youtubekids.com
yt.be
yt3.googleusercontent.com
ytimg.com
yting.com