149.154.160.0/20
91.108.4.0/22
91.108.8.0/22
ads-twitter.com
byteoversea.com
cdn-telegram.org
cdninstagram.com
circlecrewpinkcrowd.com
cms-twdigitalassets.com
comments.app
contest.com
dis.gd
discord-activities.com
discord-attachments-uploads-prd.storage.googleapis.com
discord.co
discord.com
discord.design
discord.dev
discord.gg
discord.gift
discord.gifts
discord.media
discord.new
discord.store
discord.tools
discordactivities.com
discordapp.com
discordapp.net
discordmerch.com
discordpartygames.com
discordsays.com
facebook.com
facebook.net
fb.com
fbcdn.net
fbsbx.com
fragment.com
graph.org
ibytedtos.com
ig.me
instagram.com
internalfb.com
meta.com
muscdn.com
musical.ly
oculus.com
periscope.tv
pscp.tv
quiz.directory
t.co
t.me
tdesktop.com
telega.one
telegra.ph
telegram-cdn.org
telegram.dog
telegram.me
telegram.org
telegram.space
telesco.pe
tellapart.com
tg.dev
threads.net
ttwstatic.com
tweetdeck.com
twimg.com
twitpic.com
twitter.biz
twitter.com
twitter.jp
twittercommunity.com
twitterflightschool.com
twitterinc.com
twitteroauth.com
twitterstat.us
twtrdns.net
twttr.com
twttr.net
twvid.com
tx.me
usercontent.dev
vine.co
wa.me
whatsapp.biz
whatsapp.com
whatsapp.net
x.com